<?xml version="1.0" encoding="UTF-8"?>
<!-- Generated by org.testng.reporters.JUnitReportReporter -->
<testsuite hostname="DESKTOP-FKR0BRC" failures="0" tests="1" name="org.testing.testscripts.TC3_GetData" time="0.046" errors="0" timestamp="2023-09-16T15:36:01 IST" skipped="0">
  <testcase classname="org.testing.testscripts.TC3_GetData" name="GetData" time="0.046"/>
</testsuite> <!-- org.testing.testscripts.TC3_GetData -->
